<?xml version="1.0" encoding="UTF-8"?>
<!-- Generated by org.testng.reporters.JUnitReportReporter -->
<testsuite skipped="0" hostname="KF4NFVC63" name="com.Learning.TestCases.LoginTest" tests="2" failures="0" timestamp="2021-12-22T21:37:18 GMT" time="1.711" errors="0">
  <testcase name="loginTest" time="1.106" classname="com.Learning.TestCases.LoginTest"/>
  <system-out>
    <![CDATA[Url Navigation is completed]]>
  </system-out>
  <testcase name="colleagueLogin" time="0.605" classname="com.Learning.TestCases.LoginTest"/>
  <system-out>
    <![CDATA[Login is succesfull]]>
  </system-out>
</testsuite> <!-- com.Learning.TestCases.LoginTest -->
